Arguments: 
  /Users/rejon/.nvm/versions/node/v12.3.1/bin/node /Users/rejon/.nvm/versions/node/v12.3.1/bin/yarn

PATH: 
  /Users/rejon/.nvm/versions/node/v12.3.1/bin:/Users/rejon/.rvm/gems/ruby-2.6.3/bin:/Users/rejon/.rvm/gems/ruby-2.6.3@global/bin:/Users/rejon/.rvm/rubies/ruby-2.6.3/bin:/opt/local/bin:/opt/local/sbin:/Users/rejon/.gem/ruby/2.3.0/bin:/usr/local/opt/mysql-client/bin:/usr/local/bin:/usr/bin:/bin:/usr/sbin:/sbin:/usr/local/share/dotnet:~/.dotnet/tools:/Library/Frameworks/Mono.framework/Versions/Current/Commands:/Users/rejon/.nvm/versions/node/v12.3.1/bin:/Users/rejon/.rvm/gems/ruby-2.6.3/bin:/Users/rejon/.rvm/gems/ruby-2.6.3@global/bin:/Users/rejon/.rvm/rubies/ruby-2.6.3/bin:/opt/local/bin:/opt/local/sbin:/Users/rejon/.gem/ruby/2.3.0/bin:/usr/local/opt/mysql-client/bin:/Users/rejon/.sdkman/candidates/java/current/bin:/Users/rejon/Library/Python/3.7/bin:/Users/rejon/Library/Python/2.7/bin:/Users/rejon/Library/Application Support/itch/apps/butler:/Users/rejon/.rvm/bin:/Users/rejon/Library/Python/3.7/bin:/Users/rejon/Library/Python/2.7/bin:/Users/rejon/Library/Application Support/itch/apps/butler

Yarn version: 
  1.22.4

Node version: 
  12.3.1

Platform: 
  darwin x64

Trace: 
  SyntaxError: /Users/rejon/community-portal/package.json: Unexpected token } in JSON at position 1561
      at JSON.parse (<anonymous>)
      at /Users/rejon/.nvm/versions/node/v12.3.1/lib/node_modules/yarn/lib/cli.js:1625:59
      at Generator.next (<anonymous>)
      at step (/Users/rejon/.nvm/versions/node/v12.3.1/lib/node_modules/yarn/lib/cli.js:310:30)
      at /Users/rejon/.nvm/versions/node/v12.3.1/lib/node_modules/yarn/lib/cli.js:321:13

npm manifest: 
  {
    "name": "community-development-portal",
    "private": true,
    "description": "A simple starter to get up and developing quickly with Gatsby + DAI-UI",
    "version": "0.1.0",
    "author": "Réjon Taylor-Foster (@Maximum_Crash)",
    "dependencies": {
      "@makerdao/dai-ui-icons": "^0.0.38",
      "@makerdao/dai-ui-theme-maker": "^0.0.38",
      "@mdx-js/mdx": "^1.6.5",
      "@mdx-js/react": "^1.6.5",
      "@theme-ui/sidenav": "^0.3.1",
      "gatsby": "^2.21.37",
      "gatsby-image": "^2.4.4",
      "gatsby-plugin-alias-imports": "^1.0.5",
      "gatsby-plugin-layout": "^1.3.2",
      "gatsby-plugin-manifest": "^2.4.5",
      "gatsby-plugin-mdx": "^1.2.13",
      "gatsby-plugin-offline": "^3.2.3",
      "gatsby-plugin-page-creator": "^2.3.7",
      "gatsby-plugin-react-helmet": "^3.3.1",
      "gatsby-plugin-sharp": "^2.6.4",
      "gatsby-plugin-theme-ui": "^0.3.0",
      "gatsby-remark-images": "^3.3.9",
      "gatsby-source-filesystem": "^2.3.4",
      "gatsby-transformer-sharp": "^2.5.2",
      "prop-types": "^15.7.2",
      "react": "^16.12.0",
      "react-dom": "^16.12.0",
      "react-helmet": "^6.0.0",
      "theme-ui": "^0.3.1",
      "snyk": "^1.336.0"
    },
    "devDependencies": {
      "prettier": "2.0.5"
    },
    "keywords": [
      "gatsby"
    ],
    "license": "MIT",
    "scripts": {
      "build": "gatsby build",
      "develop": "gatsby develop",
      "format": "prettier --write \"**/*.{js,jsx,json,md, mdx}\"",
      "start": "npm run develop",
      "serve": "gatsby serve",
      "clean": "gatsby clean",
      "test": "echo \"Write tests! -> https://gatsby.dev/unit-testing\" && exit 1",
    },
    "repository": {
      "type": "git",
      "url": "https://github.com/makerdao/community-portal"
    },
    "bugs": {
      "url": "https://github.com/makerdao/community-portal/issues"
    },
  }

yarn manifest: 
  No manifest

Lockfile: 
  No lockfile
